[0.078s] Invoking command in '/home/dai/ros2_study/ws01_plumbing/build/cpp03_action': CMAKE_PREFIX_PATH=/home/dai/ros2_study/ws01_plumbing/install/base_interfaces_demo:/home/dai/ros2_study/ws01_plumbing/install/cpp03_action:/home/dai/ros2_study/ws01_plumbing/install/cpp02_service:/home/dai/ros2_study/ws01_plumbing/install/cpp01_topic:/home/dai/robotStudy_ws/install/pkg01_helloWorld_cpp:/home/dai/ros2_study/ws01_plumbing/install/py01_topic:/home/dai/robotStudy_ws/install/pkg01_helloWorld_python:/opt/ros/humble /usr/bin/cmake --build /home/dai/ros2_study/ws01_plumbing/build/cpp03_action -- -j4 -l4
[0.186s] [35m[1mConsolidate compiler generated dependencies of target demo01_action_server[0m
[0.186s] [35m[1mConsolidate compiler generated dependencies of target demo02_action_client[0m
[0.235s] [ 25%] [32mBuilding CXX object CMakeFiles/demo02_action_client.dir/src/demo02_action_client.cpp.o[0m
[0.259s] [ 75%] Built target demo01_action_server
[5.921s] [01m[K/home/dai/ros2_study/ws01_plumbing/src/cpp03_action/src/demo02_action_client.cpp:[m[K In member function â€˜[01m[Kvoid ProgressActionClient::feedback_callback(rclcpp_action::ClientGoalHandle<base_interfaces_demo::action::Progress>::SharedPtr, std::shared_ptr<const base_interfaces_demo::action::Progress_Feedback_<std::allocator<void> > >)[m[Kâ€™:
[5.921s] [01m[K/home/dai/ros2_study/ws01_plumbing/src/cpp03_action/src/demo02_action_client.cpp:49:57:[m[K [01;35m[Kwarning: [m[Kunused parameter â€˜[01m[Kfeedback[m[Kâ€™ [[01;35m[K]8;;https://gcc.gnu.org/onlinedocs/gcc/Warning-Options.html#index-Wunused-parameter-Wunused-parameter]8;;[m[K]
[5.921s]    49 |         [01;35m[Kconst std::shared_ptr<const Progress::Feedback> feedback[m[K)
[5.921s]       |         [01;35m[K~~~~~~~~~~~~~~~~~~~~~~~~~~~~~~~~~~~~~~~~~~~~~~~~^~~~~~~~[m[K
[5.987s] [01m[K/home/dai/ros2_study/ws01_plumbing/src/cpp03_action/src/demo02_action_client.cpp:[m[K In function â€˜[01m[Kint main(int, char**)[m[Kâ€™:
[5.987s] [01m[K/home/dai/ros2_study/ws01_plumbing/src/cpp03_action/src/demo02_action_client.cpp:121:27:[m[K [01;31m[Kerror: [m[Kinvalid conversion from â€˜[01m[Kchar*[m[Kâ€™ to â€˜[01m[Kint[m[Kâ€™ [[01;31m[K]8;;https://gcc.gnu.org/onlinedocs/gcc/Warning-Options.html#index-fpermissive-fpermissive]8;;[m[K]
[5.987s]   121 |     node->send_goal([01;31m[Kargv[1][m[K);
[5.987s]       |                     [01;31m[K~~~~~~^[m[K
[5.987s]       |                           [01;31m[K|[m[K
[5.987s]       |                           [01;31m[Kchar*[m[K
[5.987s] [01m[K/home/dai/ros2_study/ws01_plumbing/src/cpp03_action/src/demo02_action_client.cpp:81:24:[m[K [01;36m[Knote: [m[K  initializing argument 1 of â€˜[01m[Kvoid ProgressActionClient::send_goal(int)[m[Kâ€™
[5.987s]    81 |     void send_goal([01;36m[Kint num[m[K)
[5.988s]       |                    [01;36m[K~~~~^~~[m[K
[7.778s] gmake[2]: *** [CMakeFiles/demo02_action_client.dir/build.make:76ï¼šCMakeFiles/demo02_action_client.dir/src/demo02_action_client.cpp.o] é”™è¯¯ 1
[7.778s] gmake[1]: *** [CMakeFiles/Makefile2:165ï¼šCMakeFiles/demo02_action_client.dir/all] é”™è¯¯ 2
[7.782s] gmake: *** [Makefile:146ï¼šall] é”™è¯¯ 2
[7.786s] Invoked command in '/home/dai/ros2_study/ws01_plumbing/build/cpp03_action' returned '2': CMAKE_PREFIX_PATH=/home/dai/ros2_study/ws01_plumbing/install/base_interfaces_demo:/home/dai/ros2_study/ws01_plumbing/install/cpp03_action:/home/dai/ros2_study/ws01_plumbing/install/cpp02_service:/home/dai/ros2_study/ws01_plumbing/install/cpp01_topic:/home/dai/robotStudy_ws/install/pkg01_helloWorld_cpp:/home/dai/ros2_study/ws01_plumbing/install/py01_topic:/home/dai/robotStudy_ws/install/pkg01_helloWorld_python:/opt/ros/humble /usr/bin/cmake --build /home/dai/ros2_study/ws01_plumbing/build/cpp03_action -- -j4 -l4
