[35m[1mConsolidate compiler generated dependencies of target demo01_action_server[0m
[ 25%] [32mBuilding CXX object CMakeFiles/demo02_action_client.dir/src/demo02_action_client.cpp.o[0m
[ 50%] [32mBuilding CXX object CMakeFiles/demo01_action_server.dir/src/demo01_action_server.cpp.o[0m
[01m[K/home/dai/ros2_study/ws01_plumbing/src/cpp03_action/src/demo02_action_client.cpp:[m[K In member function ‘[01m[Kvoid ProgressActionClient::feedback_callback(rclcpp_action::ClientGoalHandle<base_interfaces_demo::action::Progress>::SharedPtr, std::shared_ptr<const base_interfaces_demo::action::Progress_Feedback_<std::allocator<void> > >)[m[K’:
[01m[K/home/dai/ros2_study/ws01_plumbing/src/cpp03_action/src/demo02_action_client.cpp:49:57:[m[K [01;35m[Kwarning: [m[Kunused parameter ‘[01m[Kfeedback[m[K’ [[01;35m[K]8;;https://gcc.gnu.org/onlinedocs/gcc/Warning-Options.html#index-Wunused-parameter-Wunused-parameter]8;;[m[K]
   49 |         [01;35m[Kconst std::shared_ptr<const Progress::Feedback> feedback[m[K)
      |         [01;35m[K~~~~~~~~~~~~~~~~~~~~~~~~~~~~~~~~~~~~~~~~~~~~~~~~^~~~~~~~[m[K
[01m[K/home/dai/ros2_study/ws01_plumbing/src/cpp03_action/src/demo02_action_client.cpp:[m[K In function ‘[01m[Kint main(int, char**)[m[K’:
[01m[K/home/dai/ros2_study/ws01_plumbing/src/cpp03_action/src/demo02_action_client.cpp:121:21:[m[K [01;31m[Kerror: [m[Kcast from ‘[01m[Kchar*[m[K’ to ‘[01m[Kint[m[K’ loses precision [[01;31m[K]8;;https://gcc.gnu.org/onlinedocs/gcc/Warning-Options.html#index-fpermissive-fpermissive]8;;[m[K]
  121 |     node->send_goal([01;31m[Kint(argv[1])[m[K);
      |                     [01;31m[K^~~~~~~~~~~~[m[K
gmake[2]: *** [CMakeFiles/demo02_action_client.dir/build.make:76：CMakeFiles/demo02_action_client.dir/src/demo02_action_client.cpp.o] 错误 1
gmake[1]: *** [CMakeFiles/Makefile2:165：CMakeFiles/demo02_action_client.dir/all] 错误 2
gmake[1]: *** 正在等待未完成的任务....
[ 75%] [32m[1mLinking CXX executable demo01_action_server[0m
[ 75%] Built target demo01_action_server
gmake: *** [Makefile:146：all] 错误 2
