[0.051s] Invoking command in '/home/dai/ros2_study/ws01_plumbing/build/cpp03_action': CMAKE_PREFIX_PATH=/home/dai/ros2_study/ws01_plumbing/install/base_interfaces_demo:/home/dai/ros2_study/ws01_plumbing/install/cpp03_action:/home/dai/ros2_study/ws01_plumbing/install/cpp02_service:/home/dai/ros2_study/ws01_plumbing/install/cpp01_topic:/home/dai/robotStudy_ws/install/pkg01_helloWorld_cpp:/home/dai/ros2_study/ws01_plumbing/install/py01_topic:/home/dai/robotStudy_ws/install/pkg01_helloWorld_python:/opt/ros/humble /usr/bin/cmake --build /home/dai/ros2_study/ws01_plumbing/build/cpp03_action -- -j4 -l4
[0.144s] [35m[1mConsolidate compiler generated dependencies of target demo01_action_server[0m
[0.174s] [ 50%] Built target demo02_action_client
[0.183s] [ 75%] [32mBuilding CXX object CMakeFiles/demo01_action_server.dir/src/demo01_action_server.cpp.o[0m
[5.141s] [01m[K/home/dai/ros2_study/ws01_plumbing/src/cpp03_action/src/demo01_action_server.cpp:[m[K In member function â€˜[01m[Krclcpp_action::GoalResponse ProgressActionServer::goal_callback(const GoalUUID&, std::shared_ptr<const base_interfaces_demo::action::Progress_Goal_<std::allocator<void> > >)[m[Kâ€™:
[5.141s] [01m[K/home/dai/ros2_study/ws01_plumbing/src/cpp03_action/src/demo01_action_server.cpp:46:55:[m[K [01;35m[Kwarning: [m[Kunused parameter â€˜[01m[Kgoal[m[Kâ€™ [[01;35m[K]8;;https://gcc.gnu.org/onlinedocs/gcc/Warning-Options.html#index-Wunused-parameter-Wunused-parameter]8;;[m[K]
[5.142s]    46 |                 [01;35m[Kstd::shared_ptr<const Progress::Goal> goal[m[K)
[5.142s]       |                 [01;35m[K~~~~~~~~~~~~~~~~~~~~~~~~~~~~~~~~~~~~~~^~~~[m[K
[5.179s] [01m[K/home/dai/ros2_study/ws01_plumbing/src/cpp03_action/src/demo01_action_server.cpp:[m[K In member function â€˜[01m[Kvoid ProgressActionServer::execute(std::shared_ptr<rclcpp_action::ServerGoalHandle<base_interfaces_demo::action::Progress> >)[m[Kâ€™:
[5.179s] [01m[K/home/dai/ros2_study/ws01_plumbing/src/cpp03_action/src/demo01_action_server.cpp:81:70:[m[K [01;31m[Kerror: [m[Kâ€˜[01m[K::Feedback[m[Kâ€™ has not been declared; did you mean â€˜[01m[Kfeedback[m[Kâ€™?
[5.179s]    81 |                 auto feedback = std::make_shared</* action_type */ ::[01;31m[KFeedback[m[K>();
[5.179s]       |                                                                      [01;31m[K^~~~~~~~[m[K
[5.180s]       |                                                                      [32m[Kfeedback[m[K
[5.180s] [01m[K/home/dai/ros2_study/ws01_plumbing/src/cpp03_action/src/demo01_action_server.cpp:81:79:[m[K [01;31m[Kerror: [m[Kno matching function for call to â€˜[01m[Kmake_shared<<expression error> >()[m[Kâ€™
[5.180s]    81 |                 auto feedback = [01;31m[Kstd::make_shared</* action_type */ ::Feedback>()[m[K;
[5.180s]       |                                 [01;31m[K~~~~~~~~~~~~~~~~~~~~~~~~~~~~~~~~~~~~~~~~~~~~~~^~[m[K
[5.181s] In file included from [01m[K/usr/include/c++/11/memory:77[m[K,
[5.181s]                  from [01m[K/opt/ros/humble/include/rclcpp/rclcpp/rclcpp.hpp:153[m[K,
[5.181s]                  from [01m[K/home/dai/ros2_study/ws01_plumbing/src/cpp03_action/src/demo01_action_server.cpp:22[m[K:
[5.181s] [01m[K/usr/include/c++/11/bits/shared_ptr.h:875:5:[m[K [01;36m[Knote: [m[Kcandidate: â€˜[01m[Ktemplate<class _Tp, class ... _Args> std::shared_ptr<_Tp> std::make_shared(_Args&& ...)[m[Kâ€™
[5.181s]   875 |     [01;36m[Kmake_shared[m[K(_Args&&... __args)
[5.184s]       |     [01;36m[K^~~~~~~~~~~[m[K
[5.184s] [01m[K/usr/include/c++/11/bits/shared_ptr.h:875:5:[m[K [01;36m[Knote: [m[K  template argument deduction/substitution failed:
[5.184s] [01m[K/home/dai/ros2_study/ws01_plumbing/src/cpp03_action/src/demo01_action_server.cpp:81:79:[m[K [01;31m[Kerror: [m[Ktemplate argument 1 is invalid
[5.184s]    81 |                 auto feedback = [01;31m[Kstd::make_shared</* action_type */ ::Feedback>()[m[K;
[5.185s]       |                                 [01;31m[K~~~~~~~~~~~~~~~~~~~~~~~~~~~~~~~~~~~~~~~~~~~~~~^~[m[K
[5.193s] [01m[K/home/dai/ros2_study/ws01_plumbing/src/cpp03_action/src/demo01_action_server.cpp:82:68:[m[K [01;31m[Kerror: [m[Kâ€˜[01m[K::Result[m[Kâ€™ has not been declared; did you mean â€˜[01m[Kresult[m[Kâ€™?
[5.193s]    82 |                 auto result = std::make_shared</* action_type */ ::[01;31m[KResult[m[K>();
[5.193s]       |                                                                    [01;31m[K^~~~~~[m[K
[5.193s]       |                                                                    [32m[Kresult[m[K
[5.193s] [01m[K/home/dai/ros2_study/ws01_plumbing/src/cpp03_action/src/demo01_action_server.cpp:82:75:[m[K [01;31m[Kerror: [m[Kno matching function for call to â€˜[01m[Kmake_shared<<expression error> >()[m[Kâ€™
[5.194s]    82 |                 auto result = [01;31m[Kstd::make_shared</* action_type */ ::Result>()[m[K;
[5.194s]       |                               [01;31m[K~~~~~~~~~~~~~~~~~~~~~~~~~~~~~~~~~~~~~~~~~~~~^~[m[K
[5.194s] In file included from [01m[K/usr/include/c++/11/memory:77[m[K,
[5.194s]                  from [01m[K/opt/ros/humble/include/rclcpp/rclcpp/rclcpp.hpp:153[m[K,
[5.194s]                  from [01m[K/home/dai/ros2_study/ws01_plumbing/src/cpp03_action/src/demo01_action_server.cpp:22[m[K:
[5.194s] [01m[K/usr/include/c++/11/bits/shared_ptr.h:875:5:[m[K [01;36m[Knote: [m[Kcandidate: â€˜[01m[Ktemplate<class _Tp, class ... _Args> std::shared_ptr<_Tp> std::make_shared(_Args&& ...)[m[Kâ€™
[5.194s]   875 |     [01;36m[Kmake_shared[m[K(_Args&&... __args)
[5.195s]       |     [01;36m[K^~~~~~~~~~~[m[K
[5.195s] [01m[K/usr/include/c++/11/bits/shared_ptr.h:875:5:[m[K [01;36m[Knote: [m[K  template argument deduction/substitution failed:
[5.195s] [01m[K/home/dai/ros2_study/ws01_plumbing/src/cpp03_action/src/demo01_action_server.cpp:82:75:[m[K [01;31m[Kerror: [m[Ktemplate argument 1 is invalid
[5.195s]    82 |                 auto result = [01;31m[Kstd::make_shared</* action_type */ ::Result>()[m[K;
[5.195s]       |                               [01;31m[K~~~~~~~~~~~~~~~~~~~~~~~~~~~~~~~~~~~~~~~~~~~~^~[m[K
[6.586s] gmake[2]: *** [CMakeFiles/demo01_action_server.dir/build.make:76ï¼šCMakeFiles/demo01_action_server.dir/src/demo01_action_server.cpp.o] é”™è¯¯ 1
[6.586s] gmake[1]: *** [CMakeFiles/Makefile2:139ï¼šCMakeFiles/demo01_action_server.dir/all] é”™è¯¯ 2
[6.586s] gmake: *** [Makefile:146ï¼šall] é”™è¯¯ 2
[6.591s] Invoked command in '/home/dai/ros2_study/ws01_plumbing/build/cpp03_action' returned '2': CMAKE_PREFIX_PATH=/home/dai/ros2_study/ws01_plumbing/install/base_interfaces_demo:/home/dai/ros2_study/ws01_plumbing/install/cpp03_action:/home/dai/ros2_study/ws01_plumbing/install/cpp02_service:/home/dai/ros2_study/ws01_plumbing/install/cpp01_topic:/home/dai/robotStudy_ws/install/pkg01_helloWorld_cpp:/home/dai/ros2_study/ws01_plumbing/install/py01_topic:/home/dai/robotStudy_ws/install/pkg01_helloWorld_python:/opt/ros/humble /usr/bin/cmake --build /home/dai/ros2_study/ws01_plumbing/build/cpp03_action -- -j4 -l4
