[0.101s] Invoking command in '/home/dai/ros2_study/ws01_plumbing/build/cpp01_topic': CMAKE_PREFIX_PATH=/home/dai/ros2_study/ws01_plumbing/install/base_interfaces_demo:/home/dai/ros2_study/ws01_plumbing/install/cpp01_topic:/home/dai/robotStudy_ws/install/pkg01_helloWorld_cpp:/home/dai/ros2_study/ws01_plumbing/install/py01_topic:/home/dai/robotStudy_ws/install/pkg01_helloWorld_python:/opt/ros/humble /usr/bin/cmake --build /home/dai/ros2_study/ws01_plumbing/build/cpp01_topic -- -j4 -l4
[0.433s] -- Found ament_cmake: 1.3.9 (/opt/ros/humble/share/ament_cmake/cmake)
[0.832s] -- Found rclcpp: 16.0.9 (/opt/ros/humble/share/rclcpp/cmake)
[1.038s] -- Found rosidl_generator_c: 3.1.5 (/opt/ros/humble/share/rosidl_generator_c/cmake)
[1.072s] -- Found rosidl_adapter: 3.1.5 (/opt/ros/humble/share/rosidl_adapter/cmake)
[1.095s] -- Found rosidl_generator_cpp: 3.1.5 (/opt/ros/humble/share/rosidl_generator_cpp/cmake)
[1.142s] -- Using all available rosidl_typesupport_c: rosidl_typesupport_fastrtps_c;rosidl_typesupport_introspection_c
[1.183s] -- Using all available rosidl_typesupport_cpp: rosidl_typesupport_fastrtps_cpp;rosidl_typesupport_introspection_cpp
[1.368s] -- Found rmw_implementation_cmake: 6.1.2 (/opt/ros/humble/share/rmw_implementation_cmake/cmake)
[1.373s] -- Found rmw_fastrtps_cpp: 6.2.6 (/opt/ros/humble/share/rmw_fastrtps_cpp/cmake)
[1.737s] -- Using RMW implementation 'rmw_fastrtps_cpp' as default
[2.099s] -- Found base_interfaces_demo: 0.0.0 (/home/dai/ros2_study/ws01_plumbing/install/base_interfaces_demo/share/base_interfaces_demo/cmake)
[2.110s] -- Found ament_lint_auto: 0.12.11 (/opt/ros/humble/share/ament_lint_auto/cmake)
[2.326s] -- Added test 'cppcheck' to perform static code analysis on C / C++ code
[2.326s] -- Configured cppcheck include dirs: $<BUILD_INTERFACE:/home/dai/ros2_study/ws01_plumbing/src/cpp01_topic/include>
[2.326s] -- Configured cppcheck exclude dirs and/or files: 
[2.328s] -- Added test 'lint_cmake' to check CMake code style
[2.330s] -- Added test 'uncrustify' to check C / C++ code style
[2.330s] -- Configured uncrustify additional arguments: 
[2.331s] -- Added test 'xmllint' to check XML markup files
[2.334s] -- Configuring done
[2.407s] -- Generating done
[2.413s] -- Build files have been written to: /home/dai/ros2_study/ws01_plumbing/build/cpp01_topic
[2.457s] [35m[1mConsolidate compiler generated dependencies of target demo01_talker_str[0m
[2.477s] [ 25%] [32mBuilding CXX object CMakeFiles/demo02_listener_str.dir/src/demo02_listener_str.cpp.o[0m
[2.489s] [ 50%] [32mBuilding CXX object CMakeFiles/demo01_talker_str.dir/src/demo01_talker_str.cpp.o[0m
[2.669s] [01m[K/home/dai/ros2_study/ws01_plumbing/src/cpp01_topic/src/demo02_listener_str.cpp:13:10:[m[K [01;31m[Kfatal error: [m[Krclcpp/rclcpp.hpp: æ²¡æœ‰é‚£ä¸ªæ–‡ä»¶æˆ–ç›®å½•
[2.669s]    13 | #include [01;31m[K"rclcpp/rclcpp.hpp"[m[K
[2.669s]       |          [01;31m[K^~~~~~~~~~~~~~~~~~~[m[K
[2.669s] compilation terminated.
[2.674s] gmake[2]: *** [CMakeFiles/demo02_listener_str.dir/build.make:76ï¼šCMakeFiles/demo02_listener_str.dir/src/demo02_listener_str.cpp.o] é”™è¯¯ 1
[2.674s] gmake[1]: *** [CMakeFiles/Makefile2:165ï¼šCMakeFiles/demo02_listener_str.dir/all] é”™è¯¯ 2
[2.674s] gmake[1]: *** æ­£åœ¨ç­‰å¾…æœªå®Œæˆçš„ä»»åŠ¡....
[10.520s] [ 75%] [32m[1mLinking CXX executable demo01_talker_str[0m
[11.092s] [ 75%] Built target demo01_talker_str
[11.093s] gmake: *** [Makefile:146ï¼šall] é”™è¯¯ 2
[11.097s] Invoked command in '/home/dai/ros2_study/ws01_plumbing/build/cpp01_topic' returned '2': CMAKE_PREFIX_PATH=/home/dai/ros2_study/ws01_plumbing/install/base_interfaces_demo:/home/dai/ros2_study/ws01_plumbing/install/cpp01_topic:/home/dai/robotStudy_ws/install/pkg01_helloWorld_cpp:/home/dai/ros2_study/ws01_plumbing/install/py01_topic:/home/dai/robotStudy_ws/install/pkg01_helloWorld_python:/opt/ros/humble /usr/bin/cmake --build /home/dai/ros2_study/ws01_plumbing/build/cpp01_topic -- -j4 -l4
